This file contains any messages produced by compilers while
running configure, to aid debugging if configure makes a mistake.

It was created by cgminer configure 4.9.0, which was
generated by GNU Autoconf 2.69.  Invocation command line was

  $ ./configure 

## --------- ##
## Platform. ##
## --------- ##

hostname = Stormtrooper
uname -m = x86_64
uname -r = 4.13.0-36-generic
uname -s = Linux
uname -v = #40-Ubuntu SMP Fri Feb 16 20:07:48 UTC 2018

/usr/bin/uname -p = unknown
/bin/uname -X     = unknown

/bin/arch              = unknown
/usr/bin/arch -k       = unknown
/usr/convex/getsysinfo = unknown
/usr/bin/hostinfo      = unknown
/bin/machine           = unknown
/usr/bin/oslevel       = unknown
/bin/universe          = unknown

PATH: /home/ethan/.nvm/versions/node/v9.2.1/bin
PATH: /home/ethan/Desktop/cocos2d-x-3.13.1/templates
PATH: /home/ethan/Desktop
PATH: /home/ethan/Desktop/cocos2d-x-3.13.1/tools/cocos2d-console/bin
PATH: /home/ethan/bin
PATH: /home/ethan/.local/bin
PATH: /usr/local/sbin
PATH: /usr/local/bin
PATH: /usr/sbin
PATH: /usr/bin
PATH: /sbin
PATH: /bin
PATH: /usr/games
PATH: /usr/local/games
PATH: /snap/bin


## ----------- ##
## Core tests. ##
## ----------- ##

configure:2937: checking build system type
configure:2951: result: x86_64-pc-linux-gnu
configure:2971: checking host system type
configure:2984: result: x86_64-pc-linux-gnu
configure:3004: checking target system type
configure:3017: result: x86_64-pc-linux-gnu
configure:3065: checking for a BSD-compatible install
configure:3133: result: /usr/bin/install -c
configure:3144: checking whether build environment is sane
configure:3199: result: yes
configure:3350: checking for a thread-safe mkdir -p
configure:3389: result: /bin/mkdir -p
configure:3397: checking for gawk
configure:3427: result: no
configure:3397: checking for mawk
configure:3413: found /usr/bin/mawk
configure:3424: result: mawk
configure:3435: checking whether make sets $(MAKE)
configure:3457: result: yes
configure:3486: checking whether make supports nested variables
configure:3503: result: yes
configure:3640: checking whether make supports nested variables
configure:3657: result: yes
configure:3680: checking for style of include used by make
configure:3708: result: GNU
configure:3779: checking for gcc
configure:3795: found /usr/bin/gcc
configure:3806: result: gcc
configure:4035: checking for C compiler version
configure:4044: gcc --version >&5
gcc (Ubuntu 7.2.0-8ubuntu3.2) 7.2.0
Copyright (C) 2017 Free Software Foundation, Inc.
This is free software; see the source for copying conditions.  There is NO
warranty; not even for MERCHANTABILITY or FITNESS FOR A PARTICULAR PURPOSE.

configure:4055: $? = 0
configure:4044: gcc -v >&5
Using built-in specs.
COLLECT_GCC=gcc
COLLECT_LTO_WRAPPER=/usr/lib/gcc/x86_64-linux-gnu/7/lto-wrapper
OFFLOAD_TARGET_NAMES=nvptx-none
OFFLOAD_TARGET_DEFAULT=1
Target: x86_64-linux-gnu
Configured with: ../src/configure -v --with-pkgversion='Ubuntu 7.2.0-8ubuntu3.2' --with-bugurl=file:///usr/share/doc/gcc-7/README.Bugs --enable-languages=c,ada,c++,go,brig,d,fortran,objc,obj-c++ --prefix=/usr --with-gcc-major-version-only --program-suffix=-7 --program-prefix=x86_64-linux-gnu- --enable-shared --enable-linker-build-id --libexecdir=/usr/lib --without-included-gettext --enable-threads=posix --libdir=/usr/lib --enable-nls --with-sysroot=/ --enable-clocale=gnu --enable-libstdcxx-debug --enable-libstdcxx-time=yes --with-default-libstdcxx-abi=new --enable-gnu-unique-object --disable-vtable-verify --enable-libmpx --enable-plugin --enable-default-pie --with-system-zlib --with-target-system-zlib --enable-objc-gc=auto --enable-multiarch --disable-werror --with-arch-32=i686 --with-abi=m64 --with-multilib-list=m32,m64,mx32 --enable-multilib --with-tune=generic --enable-offload-targets=nvptx-none --without-cuda-driver --enable-checking=release --build=x86_64-linux-gnu --host=x86_64-linux-gnu --target=x86_64-linux-gnu
Thread model: posix
gcc version 7.2.0 (Ubuntu 7.2.0-8ubuntu3.2) 
configure:4055: $? = 0
configure:4044: gcc -V >&5
gcc: error: unrecognized command line option '-V'
gcc: fatal error: no input files
compilation terminated.
configure:4055: $? = 1
configure:4044: gcc -qversion >&5
gcc: error: unrecognized command line option '-qversion'; did you mean '--version'?
gcc: fatal error: no input files
compilation terminated.
configure:4055: $? = 1
configure:4075: checking whether the C compiler works
configure:4097: gcc -O2 -Wall -march=native   conftest.c  >&5
configure:4101: $? = 0
configure:4149: result: yes
configure:4152: checking for C compiler default output file name
configure:4154: result: a.out
configure:4160: checking for suffix of executables
configure:4167: gcc -o conftest -O2 -Wall -march=native   conftest.c  >&5
configure:4171: $? = 0
configure:4193: result: 
configure:4215: checking whether we are cross compiling
configure:4223: gcc -o conftest -O2 -Wall -march=native   conftest.c  >&5
configure:4227: $? = 0
configure:4234: ./conftest
configure:4238: $? = 0
configure:4253: result: no
configure:4258: checking for suffix of object files
configure:4280: gcc -c -O2 -Wall -march=native  conftest.c >&5
configure:4284: $? = 0
configure:4305: result: o
configure:4309: checking whether we are using the GNU C compiler
configure:4328: gcc -c -O2 -Wall -march=native  conftest.c >&5
configure:4328: $? = 0
configure:4337: result: yes
configure:4346: checking whether gcc accepts -g
configure:4366: gcc -c -g  conftest.c >&5
configure:4366: $? = 0
configure:4407: result: yes
configure:4424: checking for gcc option to accept ISO C89
configure:4487: gcc  -c -O2 -Wall -march=native  conftest.c >&5
configure:4487: $? = 0
configure:4500: result: none needed
configure:4525: checking whether gcc understands -c and -o together
configure:4547: gcc -c conftest.c -o conftest2.o
configure:4550: $? = 0
configure:4547: gcc -c conftest.c -o conftest2.o
configure:4550: $? = 0
configure:4562: result: yes
configure:4581: checking dependency style of gcc
configure:4692: result: gcc3
configure:4713: checking how to run the C preprocessor
configure:4744: gcc -E  conftest.c
configure:4744: $? = 0
configure:4758: gcc -E  conftest.c
conftest.c:11:10: fatal error: ac_nonexistent.h: No such file or directory
 #include <ac_nonexistent.h>
          ^~~~~~~~~~~~~~~~~~
compilation terminated.
configure:4758: $? = 1
configure: failed program was:
| /* confdefs.h */
| #define PACKAGE_NAME "cgminer"
| #define PACKAGE_TARNAME "cgminer"
| #define PACKAGE_VERSION "4.9.0"
| #define PACKAGE_STRING "cgminer 4.9.0"
| #define PACKAGE_BUGREPORT "support@bitmain.com"
| #define PACKAGE_URL ""
| #define PACKAGE "cgminer"
| #define VERSION "4.9.0"
| /* end confdefs.h.  */
| #include <ac_nonexistent.h>
configure:4783: result: gcc -E
configure:4803: gcc -E  conftest.c
configure:4803: $? = 0
configure:4817: gcc -E  conftest.c
conftest.c:11:10: fatal error: ac_nonexistent.h: No such file or directory
 #include <ac_nonexistent.h>
          ^~~~~~~~~~~~~~~~~~
compilation terminated.
configure:4817: $? = 1
configure: failed program was:
| /* confdefs.h */
| #define PACKAGE_NAME "cgminer"
| #define PACKAGE_TARNAME "cgminer"
| #define PACKAGE_VERSION "4.9.0"
| #define PACKAGE_STRING "cgminer 4.9.0"
| #define PACKAGE_BUGREPORT "support@bitmain.com"
| #define PACKAGE_URL ""
| #define PACKAGE "cgminer"
| #define VERSION "4.9.0"
| /* end confdefs.h.  */
| #include <ac_nonexistent.h>
configure:4846: checking for grep that handles long lines and -e
configure:4904: result: /bin/grep
configure:4909: checking for egrep
configure:4971: result: /bin/grep -E
configure:4976: checking for ANSI C header files
configure:4996: gcc -c -O2 -Wall -march=native  conftest.c >&5
configure:4996: $? = 0
configure:5069: gcc -o conftest -O2 -Wall -march=native   conftest.c  >&5
configure:5069: $? = 0
configure:5069: ./conftest
configure:5069: $? = 0
configure:5080: result: yes
configure:5093: checking for sys/types.h
configure:5093: gcc -c -O2 -Wall -march=native  conftest.c >&5
configure:5093: $? = 0
configure:5093: result: yes
configure:5093: checking for sys/stat.h
configure:5093: gcc -c -O2 -Wall -march=native  conftest.c >&5
configure:5093: $? = 0
configure:5093: result: yes
configure:5093: checking for stdlib.h
configure:5093: gcc -c -O2 -Wall -march=native  conftest.c >&5
configure:5093: $? = 0
configure:5093: result: yes
configure:5093: checking for string.h
configure:5093: gcc -c -O2 -Wall -march=native  conftest.c >&5
configure:5093: $? = 0
configure:5093: result: yes
configure:5093: checking for memory.h
configure:5093: gcc -c -O2 -Wall -march=native  conftest.c >&5
configure:5093: $? = 0
configure:5093: result: yes
configure:5093: checking for strings.h
configure:5093: gcc -c -O2 -Wall -march=native  conftest.c >&5
configure:5093: $? = 0
configure:5093: result: yes
configure:5093: checking for inttypes.h
configure:5093: gcc -c -O2 -Wall -march=native  conftest.c >&5
configure:5093: $? = 0
configure:5093: result: yes
configure:5093: checking for stdint.h
configure:5093: gcc -c -O2 -Wall -march=native  conftest.c >&5
configure:5093: $? = 0
configure:5093: result: yes
configure:5093: checking for unistd.h
configure:5093: gcc -c -O2 -Wall -march=native  conftest.c >&5
configure:5093: $? = 0
configure:5093: result: yes
configure:5108: checking minix/config.h usability
configure:5108: gcc -c -O2 -Wall -march=native  conftest.c >&5
conftest.c:54:10: fatal error: minix/config.h: No such file or directory
 #include <minix/config.h>
          ^~~~~~~~~~~~~~~~
compilation terminated.
configure:5108: $? = 1
configure: failed program was:
| /* confdefs.h */
| #define PACKAGE_NAME "cgminer"
| #define PACKAGE_TARNAME "cgminer"
| #define PACKAGE_VERSION "4.9.0"
| #define PACKAGE_STRING "cgminer 4.9.0"
| #define PACKAGE_BUGREPORT "support@bitmain.com"
| #define PACKAGE_URL ""
| #define PACKAGE "cgminer"
| #define VERSION "4.9.0"
| #define STDC_HEADERS 1
| #define HAVE_SYS_TYPES_H 1
| #define HAVE_SYS_STAT_H 1
| #define HAVE_STDLIB_H 1
| #define HAVE_STRING_H 1
| #define HAVE_MEMORY_H 1
| #define HAVE_STRINGS_H 1
| #define HAVE_INTTYPES_H 1
| #define HAVE_STDINT_H 1
| #define HAVE_UNISTD_H 1
| /* end confdefs.h.  */
| #include <stdio.h>
| #ifdef HAVE_SYS_TYPES_H
| # include <sys/types.h>
| #endif
| #ifdef HAVE_SYS_STAT_H
| # include <sys/stat.h>
| #endif
| #ifdef STDC_HEADERS
| # include <stdlib.h>
| # include <stddef.h>
| #else
| # ifdef HAVE_STDLIB_H
| #  include <stdlib.h>
| # endif
| #endif
| #ifdef HAVE_STRING_H
| # if !defined STDC_HEADERS && defined HAVE_MEMORY_H
| #  include <memory.h>
| # endif
| # include <string.h>
| #endif
| #ifdef HAVE_STRINGS_H
| # include <strings.h>
| #endif
| #ifdef HAVE_INTTYPES_H
| # include <inttypes.h>
| #endif
| #ifdef HAVE_STDINT_H
| # include <stdint.h>
| #endif
| #ifdef HAVE_UNISTD_H
| # include <unistd.h>
| #endif
| #include <minix/config.h>
configure:5108: result: no
configure:5108: checking minix/config.h presence
configure:5108: gcc -E  conftest.c
conftest.c:21:10: fatal error: minix/config.h: No such file or directory
 #include <minix/config.h>
          ^~~~~~~~~~~~~~~~
compilation terminated.
configure:5108: $? = 1
configure: failed program was:
| /* confdefs.h */
| #define PACKAGE_NAME "cgminer"
| #define PACKAGE_TARNAME "cgminer"
| #define PACKAGE_VERSION "4.9.0"
| #define PACKAGE_STRING "cgminer 4.9.0"
| #define PACKAGE_BUGREPORT "support@bitmain.com"
| #define PACKAGE_URL ""
| #define PACKAGE "cgminer"
| #define VERSION "4.9.0"
| #define STDC_HEADERS 1
| #define HAVE_SYS_TYPES_H 1
| #define HAVE_SYS_STAT_H 1
| #define HAVE_STDLIB_H 1
| #define HAVE_STRING_H 1
| #define HAVE_MEMORY_H 1
| #define HAVE_STRINGS_H 1
| #define HAVE_INTTYPES_H 1
| #define HAVE_STDINT_H 1
| #define HAVE_UNISTD_H 1
| /* end confdefs.h.  */
| #include <minix/config.h>
configure:5108: result: no
configure:5108: checking for minix/config.h
configure:5108: result: no
configure:5137: checking whether it is safe to define __EXTENSIONS__
configure:5155: gcc -c -O2 -Wall -march=native  conftest.c >&5
configure:5155: $? = 0
configure:5162: result: yes
configure:5209: checking whether to enable maintainer-specific portions of Makefiles
configure:5218: result: no
configure:5280: checking for gcc
configure:5307: result: gcc
configure:5536: checking for C compiler version
configure:5545: gcc --version >&5
gcc (Ubuntu 7.2.0-8ubuntu3.2) 7.2.0
Copyright (C) 2017 Free Software Foundation, Inc.
This is free software; see the source for copying conditions.  There is NO
warranty; not even for MERCHANTABILITY or FITNESS FOR A PARTICULAR PURPOSE.

configure:5556: $? = 0
configure:5545: gcc -v >&5
Using built-in specs.
COLLECT_GCC=gcc
COLLECT_LTO_WRAPPER=/usr/lib/gcc/x86_64-linux-gnu/7/lto-wrapper
OFFLOAD_TARGET_NAMES=nvptx-none
OFFLOAD_TARGET_DEFAULT=1
Target: x86_64-linux-gnu
Configured with: ../src/configure -v --with-pkgversion='Ubuntu 7.2.0-8ubuntu3.2' --with-bugurl=file:///usr/share/doc/gcc-7/README.Bugs --enable-languages=c,ada,c++,go,brig,d,fortran,objc,obj-c++ --prefix=/usr --with-gcc-major-version-only --program-suffix=-7 --program-prefix=x86_64-linux-gnu- --enable-shared --enable-linker-build-id --libexecdir=/usr/lib --without-included-gettext --enable-threads=posix --libdir=/usr/lib --enable-nls --with-sysroot=/ --enable-clocale=gnu --enable-libstdcxx-debug --enable-libstdcxx-time=yes --with-default-libstdcxx-abi=new --enable-gnu-unique-object --disable-vtable-verify --enable-libmpx --enable-plugin --enable-default-pie --with-system-zlib --with-target-system-zlib --enable-objc-gc=auto --enable-multiarch --disable-werror --with-arch-32=i686 --with-abi=m64 --with-multilib-list=m32,m64,mx32 --enable-multilib --with-tune=generic --enable-offload-targets=nvptx-none --without-cuda-driver --enable-checking=release --build=x86_64-linux-gnu --host=x86_64-linux-gnu --target=x86_64-linux-gnu
Thread model: posix
gcc version 7.2.0 (Ubuntu 7.2.0-8ubuntu3.2) 
configure:5556: $? = 0
configure:5545: gcc -V >&5
gcc: error: unrecognized command line option '-V'
gcc: fatal error: no input files
compilation terminated.
configure:5556: $? = 1
configure:5545: gcc -qversion >&5
gcc: error: unrecognized command line option '-qversion'; did you mean '--version'?
gcc: fatal error: no input files
compilation terminated.
configure:5556: $? = 1
configure:5560: checking whether we are using the GNU C compiler
configure:5588: result: yes
configure:5597: checking whether gcc accepts -g
configure:5658: result: yes
configure:5675: checking for gcc option to accept ISO C89
configure:5751: result: none needed
configure:5776: checking whether gcc understands -c and -o together
configure:5813: result: yes
configure:5832: checking dependency style of gcc
configure:5943: result: gcc3
configure:6001: checking for ranlib
configure:6017: found /usr/bin/ranlib
configure:6028: result: ranlib
configure:6076: checking whether gcc needs -traditional
configure:6110: result: no
configure:6164: checking how to print strings
configure:6191: result: printf
configure:6212: checking for a sed that does not truncate output
configure:6276: result: /bin/sed
configure:6294: checking for fgrep
configure:6356: result: /bin/grep -F
configure:6391: checking for ld used by gcc
configure:6458: result: /usr/bin/ld
configure:6465: checking if the linker (/usr/bin/ld) is GNU ld
configure:6480: result: yes
configure:6492: checking for BSD- or MS-compatible name lister (nm)
configure:6546: result: /usr/bin/nm -B
configure:6676: checking the name lister (/usr/bin/nm -B) interface
configure:6683: gcc -c -O2 -Wall -march=native  conftest.c >&5
configure:6686: /usr/bin/nm -B "conftest.o"
configure:6689: output
0000000000000000 B some_variable
configure:6696: result: BSD nm
configure:6699: checking whether ln -s works
configure:6703: result: yes
configure:6711: checking the maximum length of command line arguments
configure:6842: result: 1572864
configure:6890: checking how to convert x86_64-pc-linux-gnu file names to x86_64-pc-linux-gnu format
configure:6930: result: func_convert_file_noop
configure:6937: checking how to convert x86_64-pc-linux-gnu file names to toolchain format
configure:6957: result: func_convert_file_noop
configure:6964: checking for /usr/bin/ld option to reload object files
configure:6971: result: -r
configure:7045: checking for objdump
configure:7061: found /usr/bin/objdump
configure:7072: result: objdump
configure:7104: checking how to recognize dependent libraries
configure:7304: result: pass_all
configure:7389: checking for dlltool
configure:7419: result: no
configure:7449: checking how to associate runtime and link libraries
configure:7476: result: printf %s\n
configure:7536: checking for ar
configure:7552: found /usr/bin/ar
configure:7563: result: ar
configure:7600: checking for archiver @FILE support
configure:7617: gcc -c -O2 -Wall -march=native  conftest.c >&5
configure:7617: $? = 0
configure:7620: ar cru libconftest.a @conftest.lst >&5
ar: `u' modifier ignored since `D' is the default (see `U')
configure:7623: $? = 0
configure:7628: ar cru libconftest.a @conftest.lst >&5
ar: `u' modifier ignored since `D' is the default (see `U')
ar: conftest.o: No such file or directory
configure:7631: $? = 1
configure:7643: result: @
configure:7701: checking for strip
configure:7717: found /usr/bin/strip
configure:7728: result: strip
configure:7800: checking for ranlib
configure:7827: result: ranlib
configure:7929: checking command to parse /usr/bin/nm -B output from gcc object
configure:8082: gcc -c -O2 -Wall -march=native  conftest.c >&5
configure:8085: $? = 0
configure:8089: /usr/bin/nm -B conftest.o \| sed -n -e 's/^.*[ ]\([ABCDGIRSTW][ABCDGIRSTW]*\)[ ][ ]*\([_A-Za-z][_A-Za-z0-9]*\)$/\1 \2 \2/p' | sed '/ __gnu_lto/d' \> conftest.nm
configure:8092: $? = 0
configure:8158: gcc -o conftest -O2 -Wall -march=native   conftest.c conftstm.o >&5
configure:8161: $? = 0
configure:8199: result: ok
configure:8246: checking for sysroot
configure:8276: result: no
configure:8283: checking for a working dd
configure:8321: result: /bin/dd
configure:8325: checking how to truncate binary pipes
configure:8340: result: /bin/dd bs=4096 count=1
configure:8476: gcc -c -O2 -Wall -march=native  conftest.c >&5
configure:8479: $? = 0
configure:8669: checking for mt
configure:8685: found /bin/mt
configure:8696: result: mt
configure:8719: checking if mt is a manifest tool
configure:8725: mt '-?'
configure:8733: result: no
configure:9407: checking for dlfcn.h
configure:9407: gcc -c -O2 -Wall -march=native  conftest.c >&5
configure:9407: $? = 0
configure:9407: result: yes
configure:9662: checking for objdir
configure:9677: result: .libs
configure:9941: checking if gcc supports -fno-rtti -fno-exceptions
configure:9959: gcc -c -O2 -Wall -march=native  -fno-rtti -fno-exceptions conftest.c >&5
cc1: warning: command line option '-fno-rtti' is valid for C++/ObjC++ but not for C
configure:9963: $? = 0
configure:9976: result: no
configure:10334: checking for gcc option to produce PIC
configure:10341: result: -fPIC -DPIC
configure:10349: checking if gcc PIC flag -fPIC -DPIC works
configure:10367: gcc -c -O2 -Wall -march=native  -fPIC -DPIC -DPIC conftest.c >&5
configure:10371: $? = 0
configure:10384: result: yes
configure:10413: checking if gcc static flag -static works
configure:10441: result: yes
configure:10456: checking if gcc supports -c -o file.o
configure:10477: gcc -c -O2 -Wall -march=native  -o out/conftest2.o conftest.c >&5
configure:10481: $? = 0
configure:10503: result: yes
configure:10511: checking if gcc supports -c -o file.o
configure:10558: result: yes
configure:10591: checking whether the gcc linker (/usr/bin/ld -m elf_x86_64) supports shared libraries
configure:11854: result: yes
configure:12094: checking dynamic linker characteristics
configure:12675: gcc -o conftest -O2 -Wall -march=native   -Wl,-rpath -Wl,/foo conftest.c  >&5
configure:12675: $? = 0
configure:12924: result: GNU/Linux ld.so
configure:13046: checking how to hardcode library paths into programs
configure:13071: result: immediate
configure:13619: checking whether stripping libraries is possible
configure:13624: result: yes
configure:13659: checking if libtool supports shared libraries
configure:13661: result: yes
configure:13664: checking whether to build shared libraries
configure:13689: result: no
configure:13692: checking whether to build static libraries
configure:13696: result: yes
configure:13748: checking sys/mman.h usability
configure:13748: gcc -c -O2 -Wall -march=native  conftest.c >&5
configure:13748: $? = 0
configure:13748: result: yes
configure:13748: checking sys/mman.h presence
configure:13748: gcc -E  conftest.c
configure:13748: $? = 0
configure:13748: result: yes
configure:13748: checking for sys/mman.h
configure:13748: result: yes
configure:13748: checking wchar.h usability
configure:13748: gcc -c -O2 -Wall -march=native  conftest.c >&5
configure:13748: $? = 0
configure:13748: result: yes
configure:13748: checking wchar.h presence
configure:13748: gcc -E  conftest.c
configure:13748: $? = 0
configure:13748: result: yes
configure:13748: checking for wchar.h
configure:13748: result: yes
configure:13748: checking for stdint.h
configure:13748: result: yes
configure:13769: checking for mprotect
configure:13769: gcc -o conftest -O2 -Wall -march=native   conftest.c  >&5
configure:13769: $? = 0
configure:13769: result: yes
configure:13769: checking for sigaction
configure:13769: gcc -o conftest -O2 -Wall -march=native   conftest.c  >&5
configure:13769: $? = 0
configure:13769: result: yes
configure:13769: checking for sigaltstack
configure:13769: gcc -o conftest -O2 -Wall -march=native   conftest.c  >&5
configure:13769: $? = 0
configure:13769: result: yes
configure:13769: checking for siginterrupt
configure:13769: gcc -o conftest -O2 -Wall -march=native   conftest.c  >&5
configure:13769: $? = 0
configure:13769: result: yes
configure:13860: checking for mmap
configure:13860: gcc -o conftest -O2 -Wall -march=native   conftest.c  >&5
configure:13860: $? = 0
configure:13860: result: yes
configure:13871: checking for MAP_ANONYMOUS
configure:13908: result: yes
configure:13942: checking whether memchr works
configure:14005: gcc -o conftest -O2 -Wall -march=native   conftest.c  >&5
configure:14005: $? = 0
configure:14005: ./conftest
configure:14005: $? = 0
configure:14015: result: yes
configure:14023: checking whether memmem is declared
configure:14023: gcc -c -O2 -Wall -march=native  conftest.c >&5
configure:14023: $? = 0
configure:14023: result: yes
configure:14041: checking for memmem
configure:14041: gcc -o conftest -O2 -Wall -march=native   conftest.c  >&5
configure:14041: $? = 0
configure:14041: result: yes
configure:14065: checking whether memmem works
configure:14129: gcc -o conftest -O2 -Wall -march=native   conftest.c  >&5
conftest.c: In function 'main':
conftest.c:57:11: warning: null argument where non-null required (argument 3) [-Wnonnull]
       if (memmem (haystack, 3, NULL, 0) != haystack)
           ^~~~~~
configure:14129: $? = 0
configure:14129: ./conftest
configure:14129: $? = 0
configure:14140: result: yes
configure:14158: gcc -c -O2 -Wall -march=native  conftest.c >&5
conftest.c:42:10: error: unknown type name 'not'
          not a universal capable compiler
          ^~~
conftest.c:42:16: error: expected '=', ',', ';', 'asm' or '__attribute__' before 'universal'
          not a universal capable compiler
                ^~~~~~~~~
conftest.c:42:16: error: unknown type name 'universal'
configure:14158: $? = 1
configure: failed program was:
| /* confdefs.h */
| #define PACKAGE_NAME "cgminer"
| #define PACKAGE_TARNAME "cgminer"
| #define PACKAGE_VERSION "4.9.0"
| #define PACKAGE_STRING "cgminer 4.9.0"
| #define PACKAGE_BUGREPORT "support@bitmain.com"
| #define PACKAGE_URL ""
| #define PACKAGE "cgminer"
| #define VERSION "4.9.0"
| #define STDC_HEADERS 1
| #define HAVE_SYS_TYPES_H 1
| #define HAVE_SYS_STAT_H 1
| #define HAVE_STDLIB_H 1
| #define HAVE_STRING_H 1
| #define HAVE_MEMORY_H 1
| #define HAVE_STRINGS_H 1
| #define HAVE_INTTYPES_H 1
| #define HAVE_STDINT_H 1
| #define HAVE_UNISTD_H 1
| #define __EXTENSIONS__ 1
| #define _ALL_SOURCE 1
| #define _GNU_SOURCE 1
| #define _POSIX_PTHREAD_SEMANTICS 1
| #define _TANDEM_SOURCE 1
| #define CGMINER_MAJOR_VERSION 4
| #define CGMINER_MINOR_VERSION 9
| #define CGMINER_MINOR_SUBVERSION 0
| #define HAVE_DLFCN_H 1
| #define LT_OBJDIR ".libs/"
| #define HAVE_SYS_MMAN_H 1
| #define HAVE_WCHAR_H 1
| #define HAVE_STDINT_H 1
| #define HAVE_MPROTECT 1
| #define HAVE_SIGACTION 1
| #define HAVE_SIGALTSTACK 1
| #define HAVE_SIGINTERRUPT 1
| #define HAVE_MAP_ANONYMOUS 1
| #define HAVE_DECL_MEMMEM 1
| #define HAVE_MEMMEM 1
| /* end confdefs.h.  */
| #ifndef __APPLE_CC__
|          not a universal capable compiler
|         #endif
|         typedef int dummy;
| 
configure:14209: checking for C/C++ restrict keyword
configure:14234: gcc -c -O2 -Wall -march=native  conftest.c >&5
configure:14234: $? = 0
configure:14242: result: __restrict
configure:14255: checking for uid_t in sys/types.h
configure:14274: result: yes
configure:14285: checking for inline
configure:14301: gcc -c -O2 -Wall -march=native  conftest.c >&5
configure:14301: $? = 0
configure:14309: result: inline
configure:14342: checking whether the preprocessor supports include_next
configure:14380: gcc -c -O2 -Wall -march=native  -Iconftestd1b -Iconftestd2 conftest.c >&5
configure:14380: $? = 0
configure:14401: result: yes
configure:14422: checking whether system header files limit the line length
configure:14445: result: no
configure:14459: checking for wchar_t
configure:14476: gcc -c -O2 -Wall -march=native  conftest.c >&5
configure:14476: $? = 0
configure:14483: result: yes
configure:14492: checking for unsigned long long int
configure:14531: gcc -o conftest -O2 -Wall -march=native   conftest.c  >&5
configure:14531: $? = 0
configure:14540: result: yes
configure:14550: checking for long long int
configure:14588: gcc -o conftest -O2 -Wall -march=native   conftest.c  >&5
configure:14588: $? = 0
configure:14588: ./conftest
configure:14588: $? = 0
configure:14600: result: yes
configure:14737: checking whether stdint.h conforms to C99
configure:14908: gcc -c -O2 -Wall -march=native  conftest.c >&5
configure:14908: $? = 0
configure:14990: gcc -o conftest -O2 -Wall -march=native   conftest.c  >&5
configure:14990: $? = 0
configure:14990: ./conftest
configure:14990: $? = 0
configure:15002: result: yes
configure:15401: checking whether memmem is declared without a macro
configure:15419: gcc -c -O2 -Wall -march=native  conftest.c >&5
configure:15419: $? = 0
configure:15427: result: yes
configure:15401: checking whether mempcpy is declared without a macro
configure:15419: gcc -c -O2 -Wall -march=native  conftest.c >&5
configure:15419: $? = 0
configure:15427: result: yes
configure:15401: checking whether memrchr is declared without a macro
configure:15419: gcc -c -O2 -Wall -march=native  conftest.c >&5
configure:15419: $? = 0
configure:15427: result: yes
configure:15401: checking whether rawmemchr is declared without a macro
configure:15419: gcc -c -O2 -Wall -march=native  conftest.c >&5
configure:15419: $? = 0
configure:15427: result: yes
configure:15401: checking whether stpcpy is declared without a macro
configure:15419: gcc -c -O2 -Wall -march=native  conftest.c >&5
configure:15419: $? = 0
configure:15427: result: yes
configure:15401: checking whether stpncpy is declared without a macro
configure:15419: gcc -c -O2 -Wall -march=native  conftest.c >&5
configure:15419: $? = 0
configure:15427: result: yes
configure:15401: checking whether strchrnul is declared without a macro
configure:15419: gcc -c -O2 -Wall -march=native  conftest.c >&5
configure:15419: $? = 0
configure:15427: result: yes
configure:15401: checking whether strdup is declared without a macro
configure:15419: gcc -c -O2 -Wall -march=native  conftest.c >&5
configure:15419: $? = 0
configure:15427: result: yes
configure:15401: checking whether strncat is declared without a macro
configure:15419: gcc -c -O2 -Wall -march=native  conftest.c >&5
configure:15419: $? = 0
configure:15427: result: yes
configure:15401: checking whether strndup is declared without a macro
configure:15419: gcc -c -O2 -Wall -march=native  conftest.c >&5
configure:15419: $? = 0
configure:15427: result: yes
configure:15401: checking whether strnlen is declared without a macro
configure:15419: gcc -c -O2 -Wall -march=native  conftest.c >&5
configure:15419: $? = 0
configure:15427: result: yes
configure:15401: checking whether strpbrk is declared without a macro
configure:15419: gcc -c -O2 -Wall -march=native  conftest.c >&5
configure:15419: $? = 0
configure:15427: result: yes
configure:15401: checking whether strsep is declared without a macro
configure:15419: gcc -c -O2 -Wall -march=native  conftest.c >&5
configure:15419: $? = 0
configure:15427: result: yes
configure:15401: checking whether strcasestr is declared without a macro
configure:15419: gcc -c -O2 -Wall -march=native  conftest.c >&5
configure:15419: $? = 0
configure:15427: result: yes
configure:15401: checking whether strtok_r is declared without a macro
configure:15419: gcc -c -O2 -Wall -march=native  conftest.c >&5
configure:15419: $? = 0
configure:15427: result: yes
configure:15401: checking whether strerror_r is declared without a macro
configure:15419: gcc -c -O2 -Wall -march=native  conftest.c >&5
configure:15419: $? = 0
configure:15427: result: yes
configure:15401: checking whether strsignal is declared without a macro
configure:15419: gcc -c -O2 -Wall -march=native  conftest.c >&5
configure:15419: $? = 0
configure:15427: result: yes
configure:15401: checking whether strverscmp is declared without a macro
configure:15419: gcc -c -O2 -Wall -march=native  conftest.c >&5
configure:15419: $? = 0
configure:15427: result: yes
configure:15507: checking whether memmem works in linear time
configure:15578: gcc -o conftest -O2 -Wall -march=native   conftest.c  >&5
configure:15578: $? = 0
configure:15578: ./conftest
configure:15578: $? = 0
configure:15589: result: yes
configure:15614: checking for memmem
configure:15614: result: yes
configure:15638: checking whether memmem works
configure:15713: result: yes
configure:15759: checking for struct sigaction.sa_sigaction
configure:15759: gcc -c -O2 -Wall -march=native  conftest.c >&5
configure:15759: $? = 0
configure:15759: result: yes
configure:15894: checking for volatile sig_atomic_t
configure:15894: gcc -c -O2 -Wall -march=native  conftest.c >&5
configure:15894: $? = 0
configure:15894: gcc -c -O2 -Wall -march=native  conftest.c >&5
conftest.c: In function 'main':
conftest.c:75:36: error: expected expression before ')' token
 if (sizeof ((volatile sig_atomic_t)))
                                    ^
configure:15894: $? = 1
configure: failed program was:
| /* confdefs.h */
| #define PACKAGE_NAME "cgminer"
| #define PACKAGE_TARNAME "cgminer"
| #define PACKAGE_VERSION "4.9.0"
| #define PACKAGE_STRING "cgminer 4.9.0"
| #define PACKAGE_BUGREPORT "support@bitmain.com"
| #define PACKAGE_URL ""
| #define PACKAGE "cgminer"
| #define VERSION "4.9.0"
| #define STDC_HEADERS 1
| #define HAVE_SYS_TYPES_H 1
| #define HAVE_SYS_STAT_H 1
| #define HAVE_STDLIB_H 1
| #define HAVE_STRING_H 1
| #define HAVE_MEMORY_H 1
| #define HAVE_STRINGS_H 1
| #define HAVE_INTTYPES_H 1
| #define HAVE_STDINT_H 1
| #define HAVE_UNISTD_H 1
| #define __EXTENSIONS__ 1
| #define _ALL_SOURCE 1
| #define _GNU_SOURCE 1
| #define _POSIX_PTHREAD_SEMANTICS 1
| #define _TANDEM_SOURCE 1
| #define CGMINER_MAJOR_VERSION 4
| #define CGMINER_MINOR_VERSION 9
| #define CGMINER_MINOR_SUBVERSION 0
| #define HAVE_DLFCN_H 1
| #define LT_OBJDIR ".libs/"
| #define HAVE_SYS_MMAN_H 1
| #define HAVE_WCHAR_H 1
| #define HAVE_STDINT_H 1
| #define HAVE_MPROTECT 1
| #define HAVE_SIGACTION 1
| #define HAVE_SIGALTSTACK 1
| #define HAVE_SIGINTERRUPT 1
| #define HAVE_MAP_ANONYMOUS 1
| #define HAVE_DECL_MEMMEM 1
| #define HAVE_MEMMEM 1
| #define restrict __restrict
| #define HAVE_WCHAR_T 1
| #define HAVE_UNSIGNED_LONG_LONG_INT 1
| #define HAVE_LONG_LONG_INT 1
| #define HAVE_RAW_DECL_MEMMEM 1
| #define HAVE_RAW_DECL_MEMPCPY 1
| #define HAVE_RAW_DECL_MEMRCHR 1
| #define HAVE_RAW_DECL_RAWMEMCHR 1
| #define HAVE_RAW_DECL_STPCPY 1
| #define HAVE_RAW_DECL_STPNCPY 1
| #define HAVE_RAW_DECL_STRCHRNUL 1
| #define HAVE_RAW_DECL_STRDUP 1
| #define HAVE_RAW_DECL_STRNCAT 1
| #define HAVE_RAW_DECL_STRNDUP 1
| #define HAVE_RAW_DECL_STRNLEN 1
| #define HAVE_RAW_DECL_STRPBRK 1
| #define HAVE_RAW_DECL_STRSEP 1
| #define HAVE_RAW_DECL_STRCASESTR 1
| #define HAVE_RAW_DECL_STRTOK_R 1
| #define HAVE_RAW_DECL_STRERROR_R 1
| #define HAVE_RAW_DECL_STRSIGNAL 1
| #define HAVE_RAW_DECL_STRVERSCMP 1
| #define GNULIB_TEST_MEMCHR 1
| #define HAVE_MEMMEM 1
| #define GNULIB_TEST_MEMMEM 1
| #define HAVE_STRUCT_SIGACTION_SA_SIGACTION 1
| #define GNULIB_TEST_SIGACTION 1
| /* end confdefs.h.  */
| 
| #include <signal.h>
| 
| 
| int
| main ()
| {
| if (sizeof ((volatile sig_atomic_t)))
| 	    return 0;
|   ;
|   return 0;
| }
configure:15894: result: yes
configure:15908: checking for sighandler_t
configure:15908: gcc -c -O2 -Wall -march=native  conftest.c >&5
configure:15908: $? = 0
configure:15908: gcc -c -O2 -Wall -march=native  conftest.c >&5
conftest.c: In function 'main':
conftest.c:75:27: error: expected expression before ')' token
 if (sizeof ((sighandler_t)))
                           ^
configure:15908: $? = 1
configure: failed program was:
| /* confdefs.h */
| #define PACKAGE_NAME "cgminer"
| #define PACKAGE_TARNAME "cgminer"
| #define PACKAGE_VERSION "4.9.0"
| #define PACKAGE_STRING "cgminer 4.9.0"
| #define PACKAGE_BUGREPORT "support@bitmain.com"
| #define PACKAGE_URL ""
| #define PACKAGE "cgminer"
| #define VERSION "4.9.0"
| #define STDC_HEADERS 1
| #define HAVE_SYS_TYPES_H 1
| #define HAVE_SYS_STAT_H 1
| #define HAVE_STDLIB_H 1
| #define HAVE_STRING_H 1
| #define HAVE_MEMORY_H 1
| #define HAVE_STRINGS_H 1
| #define HAVE_INTTYPES_H 1
| #define HAVE_STDINT_H 1
| #define HAVE_UNISTD_H 1
| #define __EXTENSIONS__ 1
| #define _ALL_SOURCE 1
| #define _GNU_SOURCE 1
| #define _POSIX_PTHREAD_SEMANTICS 1
| #define _TANDEM_SOURCE 1
| #define CGMINER_MAJOR_VERSION 4
| #define CGMINER_MINOR_VERSION 9
| #define CGMINER_MINOR_SUBVERSION 0
| #define HAVE_DLFCN_H 1
| #define LT_OBJDIR ".libs/"
| #define HAVE_SYS_MMAN_H 1
| #define HAVE_WCHAR_H 1
| #define HAVE_STDINT_H 1
| #define HAVE_MPROTECT 1
| #define HAVE_SIGACTION 1
| #define HAVE_SIGALTSTACK 1
| #define HAVE_SIGINTERRUPT 1
| #define HAVE_MAP_ANONYMOUS 1
| #define HAVE_DECL_MEMMEM 1
| #define HAVE_MEMMEM 1
| #define restrict __restrict
| #define HAVE_WCHAR_T 1
| #define HAVE_UNSIGNED_LONG_LONG_INT 1
| #define HAVE_LONG_LONG_INT 1
| #define HAVE_RAW_DECL_MEMMEM 1
| #define HAVE_RAW_DECL_MEMPCPY 1
| #define HAVE_RAW_DECL_MEMRCHR 1
| #define HAVE_RAW_DECL_RAWMEMCHR 1
| #define HAVE_RAW_DECL_STPCPY 1
| #define HAVE_RAW_DECL_STPNCPY 1
| #define HAVE_RAW_DECL_STRCHRNUL 1
| #define HAVE_RAW_DECL_STRDUP 1
| #define HAVE_RAW_DECL_STRNCAT 1
| #define HAVE_RAW_DECL_STRNDUP 1
| #define HAVE_RAW_DECL_STRNLEN 1
| #define HAVE_RAW_DECL_STRPBRK 1
| #define HAVE_RAW_DECL_STRSEP 1
| #define HAVE_RAW_DECL_STRCASESTR 1
| #define HAVE_RAW_DECL_STRTOK_R 1
| #define HAVE_RAW_DECL_STRERROR_R 1
| #define HAVE_RAW_DECL_STRSIGNAL 1
| #define HAVE_RAW_DECL_STRVERSCMP 1
| #define GNULIB_TEST_MEMCHR 1
| #define HAVE_MEMMEM 1
| #define GNULIB_TEST_MEMMEM 1
| #define HAVE_STRUCT_SIGACTION_SA_SIGACTION 1
| #define GNULIB_TEST_SIGACTION 1
| /* end confdefs.h.  */
| 
| #include <signal.h>
| 
| 
| int
| main ()
| {
| if (sizeof ((sighandler_t)))
| 	    return 0;
|   ;
|   return 0;
| }
configure:15908: result: yes
configure:15922: checking whether sigaction is declared without a macro
configure:15940: gcc -c -O2 -Wall -march=native  conftest.c >&5
configure:15940: $? = 0
configure:15948: result: yes
configure:15922: checking whether sigaddset is declared without a macro
configure:15940: gcc -c -O2 -Wall -march=native  conftest.c >&5
configure:15940: $? = 0
configure:15948: result: yes
configure:15922: checking whether sigdelset is declared without a macro
configure:15940: gcc -c -O2 -Wall -march=native  conftest.c >&5
configure:15940: $? = 0
configure:15948: result: yes
configure:15922: checking whether sigemptyset is declared without a macro
configure:15940: gcc -c -O2 -Wall -march=native  conftest.c >&5
configure:15940: $? = 0
configure:15948: result: yes
configure:15922: checking whether sigfillset is declared without a macro
configure:15940: gcc -c -O2 -Wall -march=native  conftest.c >&5
configure:15940: $? = 0
configure:15948: result: yes
configure:15922: checking whether sigismember is declared without a macro
configure:15940: gcc -c -O2 -Wall -march=native  conftest.c >&5
configure:15940: $? = 0
configure:15948: result: yes
configure:15922: checking whether sigpending is declared without a macro
configure:15940: gcc -c -O2 -Wall -march=native  conftest.c >&5
configure:15940: $? = 0
configure:15948: result: yes
configure:15922: checking whether sigprocmask is declared without a macro
configure:15940: gcc -c -O2 -Wall -march=native  conftest.c >&5
configure:15940: $? = 0
configure:15948: result: yes
configure:15977: checking for sigprocmask
configure:15977: gcc -o conftest -O2 -Wall -march=native   conftest.c  >&5
configure:15977: $? = 0
configure:15977: result: yes
configure:16044: checking whether NULL can be used in arbitrary expressions
configure:16062: gcc -c -O2 -Wall -march=native  conftest.c >&5
configure:16062: $? = 0
configure:16069: result: yes
configure:16184: checking for ANSI C header files
configure:16288: result: yes
configure:16298: checking syslog.h usability
configure:16298: gcc -c -O2 -Wall -march=native  conftest.c >&5
configure:16298: $? = 0
configure:16298: result: yes
configure:16298: checking syslog.h presence
configure:16298: gcc -E  conftest.c
configure:16298: $? = 0
configure:16298: result: yes
configure:16298: checking for syslog.h
configure:16298: result: yes
configure:16309: checking for size_t
configure:16309: gcc -c -O2 -Wall -march=native  conftest.c >&5
configure:16309: $? = 0
configure:16309: gcc -c -O2 -Wall -march=native  conftest.c >&5
conftest.c: In function 'main':
conftest.c:115:21: error: expected expression before ')' token
 if (sizeof ((size_t)))
                     ^
configure:16309: $? = 1
configure: failed program was:
| /* confdefs.h */
| #define PACKAGE_NAME "cgminer"
| #define PACKAGE_TARNAME "cgminer"
| #define PACKAGE_VERSION "4.9.0"
| #define PACKAGE_STRING "cgminer 4.9.0"
| #define PACKAGE_BUGREPORT "support@bitmain.com"
| #define PACKAGE_URL ""
| #define PACKAGE "cgminer"
| #define VERSION "4.9.0"
| #define STDC_HEADERS 1
| #define HAVE_SYS_TYPES_H 1
| #define HAVE_SYS_STAT_H 1
| #define HAVE_STDLIB_H 1
| #define HAVE_STRING_H 1
| #define HAVE_MEMORY_H 1
| #define HAVE_STRINGS_H 1
| #define HAVE_INTTYPES_H 1
| #define HAVE_STDINT_H 1
| #define HAVE_UNISTD_H 1
| #define __EXTENSIONS__ 1
| #define _ALL_SOURCE 1
| #define _GNU_SOURCE 1
| #define _POSIX_PTHREAD_SEMANTICS 1
| #define _TANDEM_SOURCE 1
| #define CGMINER_MAJOR_VERSION 4
| #define CGMINER_MINOR_VERSION 9
| #define CGMINER_MINOR_SUBVERSION 0
| #define HAVE_DLFCN_H 1
| #define LT_OBJDIR ".libs/"
| #define HAVE_SYS_MMAN_H 1
| #define HAVE_WCHAR_H 1
| #define HAVE_STDINT_H 1
| #define HAVE_MPROTECT 1
| #define HAVE_SIGACTION 1
| #define HAVE_SIGALTSTACK 1
| #define HAVE_SIGINTERRUPT 1
| #define HAVE_MAP_ANONYMOUS 1
| #define HAVE_DECL_MEMMEM 1
| #define HAVE_MEMMEM 1
| #define restrict __restrict
| #define HAVE_WCHAR_T 1
| #define HAVE_UNSIGNED_LONG_LONG_INT 1
| #define HAVE_LONG_LONG_INT 1
| #define HAVE_RAW_DECL_MEMMEM 1
| #define HAVE_RAW_DECL_MEMPCPY 1
| #define HAVE_RAW_DECL_MEMRCHR 1
| #define HAVE_RAW_DECL_RAWMEMCHR 1
| #define HAVE_RAW_DECL_STPCPY 1
| #define HAVE_RAW_DECL_STPNCPY 1
| #define HAVE_RAW_DECL_STRCHRNUL 1
| #define HAVE_RAW_DECL_STRDUP 1
| #define HAVE_RAW_DECL_STRNCAT 1
| #define HAVE_RAW_DECL_STRNDUP 1
| #define HAVE_RAW_DECL_STRNLEN 1
| #define HAVE_RAW_DECL_STRPBRK 1
| #define HAVE_RAW_DECL_STRSEP 1
| #define HAVE_RAW_DECL_STRCASESTR 1
| #define HAVE_RAW_DECL_STRTOK_R 1
| #define HAVE_RAW_DECL_STRERROR_R 1
| #define HAVE_RAW_DECL_STRSIGNAL 1
| #define HAVE_RAW_DECL_STRVERSCMP 1
| #define GNULIB_TEST_MEMCHR 1
| #define HAVE_MEMMEM 1
| #define GNULIB_TEST_MEMMEM 1
| #define HAVE_STRUCT_SIGACTION_SA_SIGACTION 1
| #define GNULIB_TEST_SIGACTION 1
| #define HAVE_RAW_DECL_SIGACTION 1
| #define HAVE_RAW_DECL_SIGADDSET 1
| #define HAVE_RAW_DECL_SIGDELSET 1
| #define HAVE_RAW_DECL_SIGEMPTYSET 1
| #define HAVE_RAW_DECL_SIGFILLSET 1
| #define HAVE_RAW_DECL_SIGISMEMBER 1
| #define HAVE_RAW_DECL_SIGPENDING 1
| #define HAVE_RAW_DECL_SIGPROCMASK 1
| #define GNULIB_TEST_SIGPROCMASK 1
| #define STDC_HEADERS 1
| #define HAVE_SYSLOG_H 1
| /* end confdefs.h.  */
| #include <stdio.h>
| #ifdef HAVE_SYS_TYPES_H
| # include <sys/types.h>
| #endif
| #ifdef HAVE_SYS_STAT_H
| # include <sys/stat.h>
| #endif
| #ifdef STDC_HEADERS
| # include <stdlib.h>
| # include <stddef.h>
| #else
| # ifdef HAVE_STDLIB_H
| #  include <stdlib.h>
| # endif
| #endif
| #ifdef HAVE_STRING_H
| # if !defined STDC_HEADERS && defined HAVE_MEMORY_H
| #  include <memory.h>
| # endif
| # include <string.h>
| #endif
| #ifdef HAVE_STRINGS_H
| # include <strings.h>
| #endif
| #ifdef HAVE_INTTYPES_H
| # include <inttypes.h>
| #endif
| #ifdef HAVE_STDINT_H
| # include <stdint.h>
| #endif
| #ifdef HAVE_UNISTD_H
| # include <unistd.h>
| #endif
| int
| main ()
| {
| if (sizeof ((size_t)))
| 	    return 0;
|   ;
|   return 0;
| }
configure:16309: result: yes
configure:16322: checking for working alloca.h
configure:16339: gcc -o conftest -O2 -Wall -march=native   conftest.c  >&5
configure:16339: $? = 0
configure:16347: result: yes
configure:16355: checking for alloca
configure:16392: gcc -o conftest -O2 -Wall -march=native   conftest.c  >&5
configure:16392: $? = 0
configure:16400: result: yes
configure:16609: checking for pthread_create in -lpthread
configure:16634: gcc -o conftest -O2 -Wall -march=native   conftest.c -lpthread   >&5
configure:16634: $? = 0
configure:16643: result: yes
configure:17310: checking for library containing addstr
configure:17341: gcc -o conftest -O2 -Wall -march=native   conftest.c -lpthread  >&5
/tmp/ccnhJDpY.o: In function `main':
conftest.c:(.text.startup+0x7): undefined reference to `addstr'
collect2: error: ld returned 1 exit status
configure:17341: $? = 1
configure: failed program was:
| /* confdefs.h */
| #define PACKAGE_NAME "cgminer"
| #define PACKAGE_TARNAME "cgminer"
| #define PACKAGE_VERSION "4.9.0"
| #define PACKAGE_STRING "cgminer 4.9.0"
| #define PACKAGE_BUGREPORT "support@bitmain.com"
| #define PACKAGE_URL ""
| #define PACKAGE "cgminer"
| #define VERSION "4.9.0"
| #define STDC_HEADERS 1
| #define HAVE_SYS_TYPES_H 1
| #define HAVE_SYS_STAT_H 1
| #define HAVE_STDLIB_H 1
| #define HAVE_STRING_H 1
| #define HAVE_MEMORY_H 1
| #define HAVE_STRINGS_H 1
| #define HAVE_INTTYPES_H 1
| #define HAVE_STDINT_H 1
| #define HAVE_UNISTD_H 1
| #define __EXTENSIONS__ 1
| #define _ALL_SOURCE 1
| #define _GNU_SOURCE 1
| #define _POSIX_PTHREAD_SEMANTICS 1
| #define _TANDEM_SOURCE 1
| #define CGMINER_MAJOR_VERSION 4
| #define CGMINER_MINOR_VERSION 9
| #define CGMINER_MINOR_SUBVERSION 0
| #define HAVE_DLFCN_H 1
| #define LT_OBJDIR ".libs/"
| #define HAVE_SYS_MMAN_H 1
| #define HAVE_WCHAR_H 1
| #define HAVE_STDINT_H 1
| #define HAVE_MPROTECT 1
| #define HAVE_SIGACTION 1
| #define HAVE_SIGALTSTACK 1
| #define HAVE_SIGINTERRUPT 1
| #define HAVE_MAP_ANONYMOUS 1
| #define HAVE_DECL_MEMMEM 1
| #define HAVE_MEMMEM 1
| #define restrict __restrict
| #define HAVE_WCHAR_T 1
| #define HAVE_UNSIGNED_LONG_LONG_INT 1
| #define HAVE_LONG_LONG_INT 1
| #define HAVE_RAW_DECL_MEMMEM 1
| #define HAVE_RAW_DECL_MEMPCPY 1
| #define HAVE_RAW_DECL_MEMRCHR 1
| #define HAVE_RAW_DECL_RAWMEMCHR 1
| #define HAVE_RAW_DECL_STPCPY 1
| #define HAVE_RAW_DECL_STPNCPY 1
| #define HAVE_RAW_DECL_STRCHRNUL 1
| #define HAVE_RAW_DECL_STRDUP 1
| #define HAVE_RAW_DECL_STRNCAT 1
| #define HAVE_RAW_DECL_STRNDUP 1
| #define HAVE_RAW_DECL_STRNLEN 1
| #define HAVE_RAW_DECL_STRPBRK 1
| #define HAVE_RAW_DECL_STRSEP 1
| #define HAVE_RAW_DECL_STRCASESTR 1
| #define HAVE_RAW_DECL_STRTOK_R 1
| #define HAVE_RAW_DECL_STRERROR_R 1
| #define HAVE_RAW_DECL_STRSIGNAL 1
| #define HAVE_RAW_DECL_STRVERSCMP 1
| #define GNULIB_TEST_MEMCHR 1
| #define HAVE_MEMMEM 1
| #define GNULIB_TEST_MEMMEM 1
| #define HAVE_STRUCT_SIGACTION_SA_SIGACTION 1
| #define GNULIB_TEST_SIGACTION 1
| #define HAVE_RAW_DECL_SIGACTION 1
| #define HAVE_RAW_DECL_SIGADDSET 1
| #define HAVE_RAW_DECL_SIGDELSET 1
| #define HAVE_RAW_DECL_SIGEMPTYSET 1
| #define HAVE_RAW_DECL_SIGFILLSET 1
| #define HAVE_RAW_DECL_SIGISMEMBER 1
| #define HAVE_RAW_DECL_SIGPENDING 1
| #define HAVE_RAW_DECL_SIGPROCMASK 1
| #define GNULIB_TEST_SIGPROCMASK 1
| #define STDC_HEADERS 1
| #define HAVE_SYSLOG_H 1
| #define HAVE_ALLOCA_H 1
| #define HAVE_ALLOCA 1
| #define HAVE_LIBPTHREAD 1
| /* end confdefs.h.  */
| 
| /* Override any GCC internal prototype to avoid an error.
|    Use char because int might match the return type of a GCC
|    builtin and then its argument prototype would still apply.  */
| #ifdef __cplusplus
| extern "C"
| #endif
| char addstr ();
| int
| main ()
| {
| return addstr ();
|   ;
|   return 0;
| }
configure:17341: gcc -o conftest -O2 -Wall -march=native   conftest.c -lncurses  -lpthread  >&5
configure:17341: $? = 0
configure:17358: result: -lncurses
configure:17774: checking for pkg-config
configure:17792: found /usr/bin/pkg-config
configure:17804: result: /usr/bin/pkg-config
configure:17829: checking pkg-config is at least version 0.9.0
configure:17832: result: yes
configure:17865: checking for LIBCURL
configure:17872: $PKG_CONFIG --exists --print-errors "libcurl >= 7.25.0"
configure:17875: $? = 0
configure:17889: $PKG_CONFIG --exists --print-errors "libcurl >= 7.25.0"
configure:17892: $? = 0
configure:18070: result: yes
configure:18168: gcc -c -O2 -Wall -march=native  conftest.c >&5
conftest.c:86:15: fatal error: process.h: No such file or directory
      #include <process.h>
               ^~~~~~~~~~~
compilation terminated.
configure:18168: $? = 1
configure: failed program was:
| /* confdefs.h */
| #define PACKAGE_NAME "cgminer"
| #define PACKAGE_TARNAME "cgminer"
| #define PACKAGE_VERSION "4.9.0"
| #define PACKAGE_STRING "cgminer 4.9.0"
| #define PACKAGE_BUGREPORT "support@bitmain.com"
| #define PACKAGE_URL ""
| #define PACKAGE "cgminer"
| #define VERSION "4.9.0"
| #define STDC_HEADERS 1
| #define HAVE_SYS_TYPES_H 1
| #define HAVE_SYS_STAT_H 1
| #define HAVE_STDLIB_H 1
| #define HAVE_STRING_H 1
| #define HAVE_MEMORY_H 1
| #define HAVE_STRINGS_H 1
| #define HAVE_INTTYPES_H 1
| #define HAVE_STDINT_H 1
| #define HAVE_UNISTD_H 1
| #define __EXTENSIONS__ 1
| #define _ALL_SOURCE 1
| #define _GNU_SOURCE 1
| #define _POSIX_PTHREAD_SEMANTICS 1
| #define _TANDEM_SOURCE 1
| #define CGMINER_MAJOR_VERSION 4
| #define CGMINER_MINOR_VERSION 9
| #define CGMINER_MINOR_SUBVERSION 0
| #define HAVE_DLFCN_H 1
| #define LT_OBJDIR ".libs/"
| #define HAVE_SYS_MMAN_H 1
| #define HAVE_WCHAR_H 1
| #define HAVE_STDINT_H 1
| #define HAVE_MPROTECT 1
| #define HAVE_SIGACTION 1
| #define HAVE_SIGALTSTACK 1
| #define HAVE_SIGINTERRUPT 1
| #define HAVE_MAP_ANONYMOUS 1
| #define HAVE_DECL_MEMMEM 1
| #define HAVE_MEMMEM 1
| #define restrict __restrict
| #define HAVE_WCHAR_T 1
| #define HAVE_UNSIGNED_LONG_LONG_INT 1
| #define HAVE_LONG_LONG_INT 1
| #define HAVE_RAW_DECL_MEMMEM 1
| #define HAVE_RAW_DECL_MEMPCPY 1
| #define HAVE_RAW_DECL_MEMRCHR 1
| #define HAVE_RAW_DECL_RAWMEMCHR 1
| #define HAVE_RAW_DECL_STPCPY 1
| #define HAVE_RAW_DECL_STPNCPY 1
| #define HAVE_RAW_DECL_STRCHRNUL 1
| #define HAVE_RAW_DECL_STRDUP 1
| #define HAVE_RAW_DECL_STRNCAT 1
| #define HAVE_RAW_DECL_STRNDUP 1
| #define HAVE_RAW_DECL_STRNLEN 1
| #define HAVE_RAW_DECL_STRPBRK 1
| #define HAVE_RAW_DECL_STRSEP 1
| #define HAVE_RAW_DECL_STRCASESTR 1
| #define HAVE_RAW_DECL_STRTOK_R 1
| #define HAVE_RAW_DECL_STRERROR_R 1
| #define HAVE_RAW_DECL_STRSIGNAL 1
| #define HAVE_RAW_DECL_STRVERSCMP 1
| #define GNULIB_TEST_MEMCHR 1
| #define HAVE_MEMMEM 1
| #define GNULIB_TEST_MEMMEM 1
| #define HAVE_STRUCT_SIGACTION_SA_SIGACTION 1
| #define GNULIB_TEST_SIGACTION 1
| #define HAVE_RAW_DECL_SIGACTION 1
| #define HAVE_RAW_DECL_SIGADDSET 1
| #define HAVE_RAW_DECL_SIGDELSET 1
| #define HAVE_RAW_DECL_SIGEMPTYSET 1
| #define HAVE_RAW_DECL_SIGFILLSET 1
| #define HAVE_RAW_DECL_SIGISMEMBER 1
| #define HAVE_RAW_DECL_SIGPENDING 1
| #define HAVE_RAW_DECL_SIGPROCMASK 1
| #define GNULIB_TEST_SIGPROCMASK 1
| #define STDC_HEADERS 1
| #define HAVE_SYSLOG_H 1
| #define HAVE_ALLOCA_H 1
| #define HAVE_ALLOCA 1
| #define HAVE_LIBPTHREAD 1
| #define HAVE_CURSES 1
| #define CURL_HAS_KEEPALIVE 1
| #define HAVE_LIBCURL 1
| /* end confdefs.h.  */
| 
| 		   #include <process.h>
| 		   int execv(const char*, const char*const*);
| 
configure:18186: gcc -c -O2 -Wall -march=native  conftest.c >&5
conftest.c:86:35: warning: 'cleanup' defined but not used [-Wunused-function]
 static void __attribute__((cold)) cleanup(void) { }
                                   ^~~~~~~
configure:18186: $? = 0
configure:18196: gcc -c -O2 -Wall -march=native  conftest.c >&5
conftest.c:87:36: warning: 'cleanup' defined but not used [-Wunused-function]
 static void __attribute__((const)) cleanup(void) { }
                                    ^~~~~~~
configure:18196: $? = 0
configure:18206: gcc -c -O2 -Wall -march=native  conftest.c >&5
conftest.c: In function 'cleanup':
conftest.c:88:55: warning: implicit declaration of function 'exit' [-Wimplicit-function-declaration]
 static void __attribute__((noreturn)) cleanup(void) { exit(1); }
                                                       ^~~~
conftest.c:88:55: warning: incompatible implicit declaration of built-in function 'exit'
conftest.c:88:55: note: include '<stdlib.h>' or provide a declaration of 'exit'
At top level:
conftest.c:88:39: warning: 'cleanup' defined but not used [-Wunused-function]
 static void __attribute__((noreturn)) cleanup(void) { exit(1); }
                                       ^~~~~~~
configure:18206: $? = 0
configure:18216: gcc -c -O2 -Wall -march=native  conftest.c >&5
conftest.c:89:55: warning: 'cleanup' defined but not used [-Wunused-function]
 static void __attribute__((format(__printf__, 1, 2))) cleanup(const char *fmt, ...) { }
                                                       ^~~~~~~
configure:18216: $? = 0
configure:18226: gcc -c -O2 -Wall -march=native  conftest.c >&5
configure:18226: $? = 0
configure:18236: gcc -c -O2 -Wall -march=native  conftest.c >&5
configure:18236: $? = 0
configure:18246: gcc -o conftest -O2 -Wall -march=native   conftest.c -lncurses -lpthread  >&5
configure:18246: $? = 0
configure:18257: gcc -o conftest -O2 -Wall -march=native   conftest.c -lncurses -lpthread  >&5
configure:18257: $? = 0
configure:18268: gcc -c -O2 -Wall -march=native  conftest.c >&5
conftest.c:94:48: warning: 'func' defined but not used [-Wunused-function]
 static int __attribute__((warn_unused_result)) func(int x) { return x; }
                                                ^~~~
configure:18268: $? = 0
configure:18407: checking that generated files are newer than configure
configure:18413: result: done
configure:18620: creating ./config.status

## ---------------------- ##
## Running config.status. ##
## ---------------------- ##

This file was extended by cgminer config.status 4.9.0, which was
generated by GNU Autoconf 2.69.  Invocation command line was

  CONFIG_FILES    = 
  CONFIG_HEADERS  = 
  CONFIG_LINKS    = 
  CONFIG_COMMANDS = 
  $ ./config.status 

on Stormtrooper

config.status:1386: creating Makefile
config.status:1386: creating compat/Makefile
config.status:1386: creating ccan/Makefile
config.status:1386: creating lib/Makefile
config.status:1386: creating x11/Makefile
config.status:1386: creating config.h
config.status:1615: executing depfiles commands
config.status:1615: executing libtool commands
configure:20832: === configuring in compat/jansson-2.6 (/home/ethan/Desktop/cgminer-dash/compat/jansson-2.6)
configure:20895: running /bin/bash ./configure --disable-option-checking '--prefix=/usr/local'  'CFLAGS=-O2 -Wall -march=native' --cache-file=/dev/null --srcdir=.

## ---------------- ##
## Cache variables. ##
## ---------------- ##

ac_cv_build=x86_64-pc-linux-gnu
ac_cv_c_compiler_gnu=yes
ac_cv_c_inline=inline
ac_cv_c_restrict=__restrict
ac_cv_env_CC_set=
ac_cv_env_CC_value=
ac_cv_env_CFLAGS_set=set
ac_cv_env_CFLAGS_value='-O2 -Wall -march=native'
ac_cv_env_CPPFLAGS_set=
ac_cv_env_CPPFLAGS_value=
ac_cv_env_CPP_set=
ac_cv_env_CPP_value=
ac_cv_env_LDFLAGS_set=
ac_cv_env_LDFLAGS_value=
ac_cv_env_LIBCURL_CFLAGS_set=
ac_cv_env_LIBCURL_CFLAGS_value=
ac_cv_env_LIBCURL_LIBS_set=
ac_cv_env_LIBCURL_LIBS_value=
ac_cv_env_LIBS_set=
ac_cv_env_LIBS_value=
ac_cv_env_LIBUSB_CFLAGS_set=
ac_cv_env_LIBUSB_CFLAGS_value=
ac_cv_env_LIBUSB_LIBS_set=
ac_cv_env_LIBUSB_LIBS_value=
ac_cv_env_LT_SYS_LIBRARY_PATH_set=
ac_cv_env_LT_SYS_LIBRARY_PATH_value=
ac_cv_env_PKG_CONFIG_LIBDIR_set=
ac_cv_env_PKG_CONFIG_LIBDIR_value=
ac_cv_env_PKG_CONFIG_PATH_set=
ac_cv_env_PKG_CONFIG_PATH_value=
ac_cv_env_PKG_CONFIG_set=
ac_cv_env_PKG_CONFIG_value=
ac_cv_env_build_alias_set=
ac_cv_env_build_alias_value=
ac_cv_env_host_alias_set=
ac_cv_env_host_alias_value=
ac_cv_env_target_alias_set=
ac_cv_env_target_alias_value=
ac_cv_func_alloca_works=yes
ac_cv_func_memmem=yes
ac_cv_func_mmap=yes
ac_cv_func_mprotect=yes
ac_cv_func_sigaction=yes
ac_cv_func_sigaltstack=yes
ac_cv_func_siginterrupt=yes
ac_cv_func_sigprocmask=yes
ac_cv_have_decl_memmem=yes
ac_cv_have_decl_mempcpy=yes
ac_cv_have_decl_memrchr=yes
ac_cv_have_decl_rawmemchr=yes
ac_cv_have_decl_sigaction=yes
ac_cv_have_decl_sigaddset=yes
ac_cv_have_decl_sigdelset=yes
ac_cv_have_decl_sigemptyset=yes
ac_cv_have_decl_sigfillset=yes
ac_cv_have_decl_sigismember=yes
ac_cv_have_decl_sigpending=yes
ac_cv_have_decl_sigprocmask=yes
ac_cv_have_decl_stpcpy=yes
ac_cv_have_decl_stpncpy=yes
ac_cv_have_decl_strcasestr=yes
ac_cv_have_decl_strchrnul=yes
ac_cv_have_decl_strdup=yes
ac_cv_have_decl_strerror_r=yes
ac_cv_have_decl_strncat=yes
ac_cv_have_decl_strndup=yes
ac_cv_have_decl_strnlen=yes
ac_cv_have_decl_strpbrk=yes
ac_cv_have_decl_strsep=yes
ac_cv_have_decl_strsignal=yes
ac_cv_have_decl_strtok_r=yes
ac_cv_have_decl_strverscmp=yes
ac_cv_header_dlfcn_h=yes
ac_cv_header_inttypes_h=yes
ac_cv_header_memory_h=yes
ac_cv_header_minix_config_h=no
ac_cv_header_stdc=yes
ac_cv_header_stdint_h=yes
ac_cv_header_stdlib_h=yes
ac_cv_header_string_h=yes
ac_cv_header_strings_h=yes
ac_cv_header_sys_mman_h=yes
ac_cv_header_sys_stat_h=yes
ac_cv_header_sys_types_h=yes
ac_cv_header_syslog_h=yes
ac_cv_header_unistd_h=yes
ac_cv_header_wchar_h=yes
ac_cv_host=x86_64-pc-linux-gnu
ac_cv_lib_pthread_pthread_create=yes
ac_cv_member_struct_sigaction_sa_sigaction=yes
ac_cv_objext=o
ac_cv_path_EGREP='/bin/grep -E'
ac_cv_path_FGREP='/bin/grep -F'
ac_cv_path_GREP=/bin/grep
ac_cv_path_SED=/bin/sed
ac_cv_path_ac_pt_PKG_CONFIG=/usr/bin/pkg-config
ac_cv_path_install='/usr/bin/install -c'
ac_cv_path_lt_DD=/bin/dd
ac_cv_path_mkdir=/bin/mkdir
ac_cv_prog_AWK=mawk
ac_cv_prog_CPP='gcc -E'
ac_cv_prog_ac_ct_AR=ar
ac_cv_prog_ac_ct_CC=gcc
ac_cv_prog_ac_ct_MANIFEST_TOOL=mt
ac_cv_prog_ac_ct_OBJDUMP=objdump
ac_cv_prog_ac_ct_RANLIB=ranlib
ac_cv_prog_ac_ct_STRIP=strip
ac_cv_prog_cc_c89=
ac_cv_prog_cc_g=yes
ac_cv_prog_gcc_traditional=no
ac_cv_prog_make_make_set=yes
ac_cv_safe_to_define___extensions__=yes
ac_cv_search_addstr=-lncurses
ac_cv_target=x86_64-pc-linux-gnu
ac_cv_type_long_long_int=yes
ac_cv_type_sighandler_t=yes
ac_cv_type_size_t=yes
ac_cv_type_uid_t=yes
ac_cv_type_unsigned_long_long_int=yes
ac_cv_type_volatile_sig_atomic_t=yes
ac_cv_working_alloca_h=yes
am_cv_CC_dependencies_compiler_type=gcc3
am_cv_make_support_nested_variables=yes
am_cv_prog_cc_c_o=yes
gl_cv_c_multiarch=no
gl_cv_decl_null_works=yes
gl_cv_func_memchr_works=yes
gl_cv_func_memmem_works_always=yes
gl_cv_func_memmem_works_fast=yes
gl_cv_func_sigprocmask=1
gl_cv_have_include_next=yes
gl_cv_have_raw_decl_memmem=yes
gl_cv_have_raw_decl_mempcpy=yes
gl_cv_have_raw_decl_memrchr=yes
gl_cv_have_raw_decl_rawmemchr=yes
gl_cv_have_raw_decl_sigaction=yes
gl_cv_have_raw_decl_sigaddset=yes
gl_cv_have_raw_decl_sigdelset=yes
gl_cv_have_raw_decl_sigemptyset=yes
gl_cv_have_raw_decl_sigfillset=yes
gl_cv_have_raw_decl_sigismember=yes
gl_cv_have_raw_decl_sigpending=yes
gl_cv_have_raw_decl_sigprocmask=yes
gl_cv_have_raw_decl_stpcpy=yes
gl_cv_have_raw_decl_stpncpy=yes
gl_cv_have_raw_decl_strcasestr=yes
gl_cv_have_raw_decl_strchrnul=yes
gl_cv_have_raw_decl_strdup=yes
gl_cv_have_raw_decl_strerror_r=yes
gl_cv_have_raw_decl_strncat=yes
gl_cv_have_raw_decl_strndup=yes
gl_cv_have_raw_decl_strnlen=yes
gl_cv_have_raw_decl_strpbrk=yes
gl_cv_have_raw_decl_strsep=yes
gl_cv_have_raw_decl_strsignal=yes
gl_cv_have_raw_decl_strtok_r=yes
gl_cv_have_raw_decl_strverscmp=yes
gl_cv_header_working_stdint_h=yes
gl_cv_next_signal_h='<signal.h>'
gl_cv_next_stdint_h='<stdint.h>'
gl_cv_next_string_h='<string.h>'
gl_cv_pragma_columns=no
gt_cv_c_wchar_t=yes
lt_cv_ar_at_file=@
lt_cv_deplibs_check_method=pass_all
lt_cv_file_magic_cmd='$MAGIC_CMD'
lt_cv_file_magic_test_file=
lt_cv_ld_reload_flag=-r
lt_cv_nm_interface='BSD nm'
lt_cv_objdir=.libs
lt_cv_path_LD=/usr/bin/ld
lt_cv_path_NM='/usr/bin/nm -B'
lt_cv_path_mainfest_tool=no
lt_cv_prog_compiler_c_o=yes
lt_cv_prog_compiler_pic='-fPIC -DPIC'
lt_cv_prog_compiler_pic_works=yes
lt_cv_prog_compiler_rtti_exceptions=no
lt_cv_prog_compiler_static_works=yes
lt_cv_prog_gnu_ld=yes
lt_cv_sharedlib_from_linklib_cmd='printf %s\n'
lt_cv_shlibpath_overrides_runpath=yes
lt_cv_sys_global_symbol_pipe='sed -n -e '\''s/^.*[	 ]\([ABCDGIRSTW][ABCDGIRSTW]*\)[	 ][	 ]*\([_A-Za-z][_A-Za-z0-9]*\)$/\1 \2 \2/p'\'' | sed '\''/ __gnu_lto/d'\'''
lt_cv_sys_global_symbol_to_c_name_address='sed -n -e '\''s/^: \(.*\) .*$/  {"\1", (void *) 0},/p'\'' -e '\''s/^[ABCDGIRSTW][ABCDGIRSTW]* .* \(.*\)$/  {"\1", (void *) \&\1},/p'\'''
lt_cv_sys_global_symbol_to_c_name_address_lib_prefix='sed -n -e '\''s/^: \(.*\) .*$/  {"\1", (void *) 0},/p'\'' -e '\''s/^[ABCDGIRSTW][ABCDGIRSTW]* .* \(lib.*\)$/  {"\1", (void *) \&\1},/p'\'' -e '\''s/^[ABCDGIRSTW][ABCDGIRSTW]* .* \(.*\)$/  {"lib\1", (void *) \&\1},/p'\'''
lt_cv_sys_global_symbol_to_cdecl='sed -n -e '\''s/^T .* \(.*\)$/extern int \1();/p'\'' -e '\''s/^[ABCDGIRSTW][ABCDGIRSTW]* .* \(.*\)$/extern char \1;/p'\'''
lt_cv_sys_global_symbol_to_import=
lt_cv_sys_max_cmd_len=1572864
lt_cv_to_host_file_cmd=func_convert_file_noop
lt_cv_to_tool_file_cmd=func_convert_file_noop
lt_cv_truncate_bin='/bin/dd bs=4096 count=1'
pkg_cv_LIBCURL_CFLAGS=-I/usr/include/x86_64-linux-gnu
pkg_cv_LIBCURL_LIBS=-lcurl

## ----------------- ##
## Output variables. ##
## ----------------- ##

ACLOCAL='${SHELL} /home/ethan/Desktop/cgminer-dash/missing aclocal-1.15'
ALLOCA=''
AMDEPBACKSLASH='\'
AMDEP_FALSE='#'
AMDEP_TRUE=''
AMTAR='$${TAR-tar}'
AM_BACKSLASH='\'
AM_DEFAULT_V='$(AM_DEFAULT_VERBOSITY)'
AM_DEFAULT_VERBOSITY='0'
AM_V='$(V)'
APPLE_UNIVERSAL_BUILD='0'
AR='ar'
AUTOCONF='${SHELL} /home/ethan/Desktop/cgminer-dash/missing autoconf'
AUTOHEADER='${SHELL} /home/ethan/Desktop/cgminer-dash/missing autoheader'
AUTOMAKE='${SHELL} /home/ethan/Desktop/cgminer-dash/missing automake-1.15'
AWK='mawk'
BITSIZEOF_PTRDIFF_T=''
BITSIZEOF_SIG_ATOMIC_T=''
BITSIZEOF_SIZE_T=''
BITSIZEOF_WCHAR_T=''
BITSIZEOF_WINT_T=''
CC='gcc'
CCDEPMODE='depmode=gcc3'
CFLAGS='-O2 -Wall -march=native'
CPP='gcc -E'
CPPFLAGS=''
CYGPATH_W='echo'
DEFS='-DHAVE_CONFIG_H'
DEPDIR='.deps'
DLLTOOL='false'
DLOPEN_FLAGS='-ldl'
DSYMUTIL=''
DUMPBIN=''
ECHO_C=''
ECHO_N='-n'
ECHO_T=''
EGREP='/bin/grep -E'
EXEEXT=''
FGREP='/bin/grep -F'
GL_COND_LIBTOOL_FALSE=''
GL_COND_LIBTOOL_TRUE='#'
GL_GENERATE_STDDEF_H_FALSE=''
GL_GENERATE_STDDEF_H_TRUE='#'
GL_GENERATE_STDINT_H_FALSE=''
GL_GENERATE_STDINT_H_TRUE='#'
GNULIB_MBSCASECMP='0'
GNULIB_MBSCASESTR='0'
GNULIB_MBSCHR='0'
GNULIB_MBSCSPN='0'
GNULIB_MBSLEN='0'
GNULIB_MBSNCASECMP='0'
GNULIB_MBSNLEN='0'
GNULIB_MBSPBRK='0'
GNULIB_MBSPCASECMP='0'
GNULIB_MBSRCHR='0'
GNULIB_MBSSEP='0'
GNULIB_MBSSPN='0'
GNULIB_MBSSTR='0'
GNULIB_MBSTOK_R='0'
GNULIB_MEMCHR='1'
GNULIB_MEMMEM='1'
GNULIB_MEMPCPY='0'
GNULIB_MEMRCHR='0'
GNULIB_RAWMEMCHR='0'
GNULIB_SIGACTION='1'
GNULIB_SIGNAL_H_SIGPIPE='0'
GNULIB_SIGPROCMASK='1'
GNULIB_STPCPY='0'
GNULIB_STPNCPY='0'
GNULIB_STRCASESTR='0'
GNULIB_STRCHRNUL='0'
GNULIB_STRDUP='0'
GNULIB_STRERROR='0'
GNULIB_STRERROR_R='0'
GNULIB_STRNCAT='0'
GNULIB_STRNDUP='0'
GNULIB_STRNLEN='0'
GNULIB_STRPBRK='0'
GNULIB_STRSEP='0'
GNULIB_STRSIGNAL='0'
GNULIB_STRSTR='0'
GNULIB_STRTOK_R='0'
GNULIB_STRVERSCMP='0'
GREP='/bin/grep'
HAS_AVALON2_FALSE=''
HAS_AVALON2_TRUE='#'
HAS_AVALON4_FALSE=''
HAS_AVALON4_TRUE='#'
HAS_AVALON_FALSE=''
HAS_AVALON_TRUE='#'
HAS_BAB_FALSE=''
HAS_BAB_TRUE='#'
HAS_BFLSC_FALSE=''
HAS_BFLSC_TRUE='#'
HAS_BITFORCE_FALSE=''
HAS_BITFORCE_TRUE='#'
HAS_BITFURY_FALSE=''
HAS_BITFURY_TRUE='#'
HAS_BITMAIN_C5_FALSE=''
HAS_BITMAIN_C5_TRUE='#'
HAS_BITMAIN_D1_FALSE=''
HAS_BITMAIN_D1_TRUE='#'
HAS_BITMAIN_FALSE=''
HAS_BITMAIN_L3_FALSE=''
HAS_BITMAIN_L3_TRUE='#'
HAS_BITMAIN_TRUE='#'
HAS_BITMINE_A1_FALSE=''
HAS_BITMINE_A1_TRUE='#'
HAS_BLOCKERUPTER_FALSE=''
HAS_BLOCKERUPTER_TRUE='#'
HAS_BMSC_FALSE=''
HAS_BMSC_TRUE='#'
HAS_COINTERRA_FALSE=''
HAS_COINTERRA_TRUE='#'
HAS_DRILLBIT_FALSE=''
HAS_DRILLBIT_TRUE='#'
HAS_HASHFAST_FALSE=''
HAS_HASHFAST_TRUE='#'
HAS_HASHRATIO_FALSE=''
HAS_HASHRATIO_TRUE='#'
HAS_ICARUS_FALSE=''
HAS_ICARUS_TRUE='#'
HAS_KLONDIKE_FALSE=''
HAS_KLONDIKE_TRUE='#'
HAS_KNC_FALSE=''
HAS_KNC_TRUE='#'
HAS_MINION_FALSE=''
HAS_MINION_TRUE='#'
HAS_MODMINER_FALSE=''
HAS_MODMINER_TRUE='#'
HAS_SP10_FALSE=''
HAS_SP10_TRUE='#'
HAS_SP30_FALSE=''
HAS_SP30_TRUE='#'
HAVE_CURSES_FALSE='#'
HAVE_CURSES_TRUE=''
HAVE_DECL_MEMMEM='1'
HAVE_DECL_MEMRCHR='1'
HAVE_DECL_STRDUP='1'
HAVE_DECL_STRERROR_R='1'
HAVE_DECL_STRNDUP='1'
HAVE_DECL_STRNLEN='1'
HAVE_DECL_STRSIGNAL='1'
HAVE_DECL_STRTOK_R='1'
HAVE_INTTYPES_H='1'
HAVE_LONG_LONG_INT='1'
HAVE_MBSLEN='0'
HAVE_MEMCHR='1'
HAVE_MEMPCPY='1'
HAVE_POSIX_SIGNALBLOCKING='1'
HAVE_RAWMEMCHR='1'
HAVE_SIGACTION='1'
HAVE_SIGHANDLER_T='1'
HAVE_SIGINFO_T='1'
HAVE_SIGNED_SIG_ATOMIC_T=''
HAVE_SIGNED_WCHAR_T=''
HAVE_SIGNED_WINT_T=''
HAVE_SIGSET_T='1'
HAVE_STDINT_H='1'
HAVE_STPCPY='1'
HAVE_STPNCPY='1'
HAVE_STRCASESTR='1'
HAVE_STRCHRNUL='1'
HAVE_STRPBRK='1'
HAVE_STRSEP='1'
HAVE_STRUCT_SIGACTION_SA_SIGACTION='1'
HAVE_STRVERSCMP='1'
HAVE_SYS_BITYPES_H=''
HAVE_SYS_INTTYPES_H=''
HAVE_SYS_TYPES_H='1'
HAVE_TYPE_VOLATILE_SIG_ATOMIC_T='1'
HAVE_UNSIGNED_LONG_LONG_INT='1'
HAVE_WCHAR_H='1'
HAVE_WCHAR_T='1'
HAVE_WINDOWS_FALSE=''
HAVE_WINDOWS_TRUE='#'
HAVE_x86_64_FALSE='#'
HAVE_x86_64_TRUE=''
INCLUDE_NEXT='include_next'
INCLUDE_NEXT_AS_FIRST_DIRECTIVE='include_next'
INSTALL_DATA='${INSTALL} -m 644'
INSTALL_PROGRAM='${INSTALL}'
INSTALL_SCRIPT='${INSTALL}'
INSTALL_STRIP_PROGRAM='$(install_sh) -c -s'
JANSSON_LIBS='compat/jansson-2.6/src/.libs/libjansson.a'
LD='/usr/bin/ld -m elf_x86_64'
LDFLAGS=''
LIBCURL_CFLAGS='-I/usr/include/x86_64-linux-gnu'
LIBCURL_LIBS='-lcurl'
LIBGNU_LIBDEPS=''
LIBGNU_LTLIBDEPS=''
LIBOBJS=''
LIBS='-lncurses -lpthread '
LIBTOOL='$(SHELL) $(top_builddir)/libtool'
LIBUSB_CFLAGS=''
LIBUSB_LIBS=''
LIPO=''
LN_S='ln -s'
LTLIBOBJS=''
LT_SYS_LIBRARY_PATH=''
MAINT='#'
MAINTAINER_MODE_FALSE=''
MAINTAINER_MODE_TRUE='#'
MAKEINFO='${SHELL} /home/ethan/Desktop/cgminer-dash/missing makeinfo'
MANIFEST_TOOL=':'
MATH_LIBS='-lm'
MKDIR_P='/bin/mkdir -p'
MM_LIBS=''
NCURSES_LIBS=''
NEED_FPGAUTILS_FALSE=''
NEED_FPGAUTILS_TRUE='#'
NEXT_AS_FIRST_DIRECTIVE_SIGNAL_H='<signal.h>'
NEXT_AS_FIRST_DIRECTIVE_STDDEF_H=''
NEXT_AS_FIRST_DIRECTIVE_STDINT_H='<stdint.h>'
NEXT_AS_FIRST_DIRECTIVE_STRING_H='<string.h>'
NEXT_SIGNAL_H='<signal.h>'
NEXT_STDDEF_H=''
NEXT_STDINT_H='<stdint.h>'
NEXT_STRING_H='<string.h>'
NM='/usr/bin/nm -B'
NMEDIT=''
OBJDUMP='objdump'
OBJEXT='o'
OTOOL64=''
OTOOL=''
PACKAGE='cgminer'
PACKAGE_BUGREPORT='support@bitmain.com'
PACKAGE_NAME='cgminer'
PACKAGE_STRING='cgminer 4.9.0'
PACKAGE_TARNAME='cgminer'
PACKAGE_URL=''
PACKAGE_VERSION='4.9.0'
PATH_SEPARATOR=':'
PDCURSES_LIBS=''
PKG_CONFIG='/usr/bin/pkg-config'
PKG_CONFIG_LIBDIR=''
PKG_CONFIG_PATH=''
PRAGMA_COLUMNS=''
PRAGMA_SYSTEM_HEADER='#pragma GCC system_header'
PTHREAD_FLAGS='-lpthread'
PTHREAD_LIBS='-lpthread'
PTRDIFF_T_SUFFIX=''
RANLIB='ranlib'
REPLACE_MEMCHR='0'
REPLACE_MEMMEM='0'
REPLACE_NULL='0'
REPLACE_STPNCPY='0'
REPLACE_STRCASESTR='0'
REPLACE_STRCHRNUL='0'
REPLACE_STRDUP='0'
REPLACE_STRERROR='0'
REPLACE_STRERROR_R='0'
REPLACE_STRNCAT='0'
REPLACE_STRNDUP='0'
REPLACE_STRNLEN='0'
REPLACE_STRSIGNAL='0'
REPLACE_STRSTR='0'
REPLACE_STRTOK_R='0'
RT_LIBS='-lrt'
SED='/bin/sed'
SET_MAKE=''
SHELL='/bin/bash'
SIG_ATOMIC_T_SUFFIX=''
SIZE_T_SUFFIX=''
STDDEF_H=''
STDINT_H=''
STRIP='strip'
UNDEFINE_STRTOK_R='0'
VERSION='4.9.0'
VMAJ='4'
WANT_CRC16_FALSE='#'
WANT_CRC16_TRUE=''
WANT_LIBBITFURY_FALSE=''
WANT_LIBBITFURY_TRUE='#'
WANT_STATIC_LIBUSB_FALSE=''
WANT_STATIC_LIBUSB_TRUE='#'
WANT_USBUTILS_FALSE=''
WANT_USBUTILS_TRUE='#'
WCHAR_T_SUFFIX=''
WINT_T_SUFFIX=''
WS2_LIBS=''
ac_ct_AR='ar'
ac_ct_CC='gcc'
ac_ct_DUMPBIN=''
am__EXEEXT_FALSE=''
am__EXEEXT_TRUE='#'
am__fastdepCC_FALSE='#'
am__fastdepCC_TRUE=''
am__include='include'
am__isrc=''
am__leading_dot='.'
am__nodep='_no'
am__quote=''
am__tar='$${TAR-tar} chof - "$$tardir"'
am__untar='$${TAR-tar} xf -'
bindir='${exec_prefix}/bin'
build='x86_64-pc-linux-gnu'
build_alias=''
build_cpu='x86_64'
build_os='linux-gnu'
build_vendor='pc'
datadir='${datarootdir}'
datarootdir='${prefix}/share'
docdir='${datarootdir}/doc/${PACKAGE_TARNAME}'
dvidir='${docdir}'
exec_prefix='${prefix}'
gl_LIBOBJS=''
gl_LTLIBOBJS=''
gltests_LIBOBJS=''
gltests_LTLIBOBJS=''
gltests_WITNESS='IN_CGMINER_GNULIB_TESTS'
host='x86_64-pc-linux-gnu'
host_alias=''
host_cpu='x86_64'
host_os='linux-gnu'
host_vendor='pc'
htmldir='${docdir}'
includedir='${prefix}/include'
infodir='${datarootdir}/info'
install_sh='${SHELL} /home/ethan/Desktop/cgminer-dash/install-sh'
libdir='${exec_prefix}/lib'
libexecdir='${exec_prefix}/libexec'
localedir='${datarootdir}/locale'
localstatedir='${prefix}/var'
mandir='${datarootdir}/man'
mkdir_p='$(MKDIR_P)'
oldincludedir='/usr/include'
pdfdir='${docdir}'
prefix='/usr/local'
program_transform_name='s,x,x,'
psdir='${docdir}'
release_info=''
runstatedir='${localstatedir}/run'
sbindir='${exec_prefix}/sbin'
sharedstatedir='${prefix}/com'
subdirs=' compat/jansson-2.6'
sysconfdir='${prefix}/etc'
target='x86_64-pc-linux-gnu'
target_alias=''
target_cpu='x86_64'
target_os='linux-gnu'
target_vendor='pc'
version_info='13:0:9'

## ----------- ##
## confdefs.h. ##
## ----------- ##

/* confdefs.h */
#define PACKAGE_NAME "cgminer"
#define PACKAGE_TARNAME "cgminer"
#define PACKAGE_VERSION "4.9.0"
#define PACKAGE_STRING "cgminer 4.9.0"
#define PACKAGE_BUGREPORT "support@bitmain.com"
#define PACKAGE_URL ""
#define PACKAGE "cgminer"
#define VERSION "4.9.0"
#define STDC_HEADERS 1
#define HAVE_SYS_TYPES_H 1
#define HAVE_SYS_STAT_H 1
#define HAVE_STDLIB_H 1
#define HAVE_STRING_H 1
#define HAVE_MEMORY_H 1
#define HAVE_STRINGS_H 1
#define HAVE_INTTYPES_H 1
#define HAVE_STDINT_H 1
#define HAVE_UNISTD_H 1
#define __EXTENSIONS__ 1
#define _ALL_SOURCE 1
#define _GNU_SOURCE 1
#define _POSIX_PTHREAD_SEMANTICS 1
#define _TANDEM_SOURCE 1
#define CGMINER_MAJOR_VERSION 4
#define CGMINER_MINOR_VERSION 9
#define CGMINER_MINOR_SUBVERSION 0
#define HAVE_DLFCN_H 1
#define LT_OBJDIR ".libs/"
#define HAVE_SYS_MMAN_H 1
#define HAVE_WCHAR_H 1
#define HAVE_STDINT_H 1
#define HAVE_MPROTECT 1
#define HAVE_SIGACTION 1
#define HAVE_SIGALTSTACK 1
#define HAVE_SIGINTERRUPT 1
#define HAVE_MAP_ANONYMOUS 1
#define HAVE_DECL_MEMMEM 1
#define HAVE_MEMMEM 1
#define restrict __restrict
#define HAVE_WCHAR_T 1
#define HAVE_UNSIGNED_LONG_LONG_INT 1
#define HAVE_LONG_LONG_INT 1
#define HAVE_RAW_DECL_MEMMEM 1
#define HAVE_RAW_DECL_MEMPCPY 1
#define HAVE_RAW_DECL_MEMRCHR 1
#define HAVE_RAW_DECL_RAWMEMCHR 1
#define HAVE_RAW_DECL_STPCPY 1
#define HAVE_RAW_DECL_STPNCPY 1
#define HAVE_RAW_DECL_STRCHRNUL 1
#define HAVE_RAW_DECL_STRDUP 1
#define HAVE_RAW_DECL_STRNCAT 1
#define HAVE_RAW_DECL_STRNDUP 1
#define HAVE_RAW_DECL_STRNLEN 1
#define HAVE_RAW_DECL_STRPBRK 1
#define HAVE_RAW_DECL_STRSEP 1
#define HAVE_RAW_DECL_STRCASESTR 1
#define HAVE_RAW_DECL_STRTOK_R 1
#define HAVE_RAW_DECL_STRERROR_R 1
#define HAVE_RAW_DECL_STRSIGNAL 1
#define HAVE_RAW_DECL_STRVERSCMP 1
#define GNULIB_TEST_MEMCHR 1
#define HAVE_MEMMEM 1
#define GNULIB_TEST_MEMMEM 1
#define HAVE_STRUCT_SIGACTION_SA_SIGACTION 1
#define GNULIB_TEST_SIGACTION 1
#define HAVE_RAW_DECL_SIGACTION 1
#define HAVE_RAW_DECL_SIGADDSET 1
#define HAVE_RAW_DECL_SIGDELSET 1
#define HAVE_RAW_DECL_SIGEMPTYSET 1
#define HAVE_RAW_DECL_SIGFILLSET 1
#define HAVE_RAW_DECL_SIGISMEMBER 1
#define HAVE_RAW_DECL_SIGPENDING 1
#define HAVE_RAW_DECL_SIGPROCMASK 1
#define GNULIB_TEST_SIGPROCMASK 1
#define STDC_HEADERS 1
#define HAVE_SYSLOG_H 1
#define HAVE_ALLOCA_H 1
#define HAVE_ALLOCA 1
#define HAVE_LIBPTHREAD 1
#define HAVE_CURSES 1
#define CURL_HAS_KEEPALIVE 1
#define HAVE_LIBCURL 1
#define EXECV_2ND_ARG_TYPE char* const*
#define HAVE_ATTRIBUTE_COLD 1
#define HAVE_ATTRIBUTE_CONST 1
#define HAVE_ATTRIBUTE_NORETURN 1
#define HAVE_ATTRIBUTE_PRINTF 1
#define HAVE_ATTRIBUTE_UNUSED 1
#define HAVE_ATTRIBUTE_USED 1
#define HAVE_BUILTIN_CONSTANT_P 1
#define HAVE_BUILTIN_TYPES_COMPATIBLE_P 1
#define HAVE_WARN_UNUSED_RESULT 1
#define CGMINER_PREFIX "/usr/local/bin"

configure: exit 0
